  PlayerMove.cpp
c:\users\asus\documents\github\minnetiocp\minnetiocp\time.h(20): warning C4091: 'static ': 변수를 선언하지 않으면 'Time' 왼쪽은 무시됩니다.
c:\users\asus\documents\github\minnetiocp\minnetiocp\minnetpool.h(27): warning C4091: 'static ': 변수를 선언하지 않으면 'MinNetPool' 왼쪽은 무시됩니다.
c:\users\asus\documents\github\minnetiocp\minnetiocp\minnet.h(52): warning C4091: 'static ': 변수를 선언하지 않으면 'BitConverter' 왼쪽은 무시됩니다.
c:\users\asus\documents\github\minnetiocp\minnetiocp\minnet.h(64): warning C4091: 'static ': 변수를 선언하지 않으면 'StringConverter' 왼쪽은 무시됩니다.
  코드를 생성하고 있습니다...
  컴파일하고 있습니다...
  main.cpp
c:\users\asus\documents\github\minnetiocp\minnetiocp\minnet.h(52): warning C4091: 'static ': 변수를 선언하지 않으면 'BitConverter' 왼쪽은 무시됩니다.
c:\users\asus\documents\github\minnetiocp\minnetiocp\minnet.h(64): warning C4091: 'static ': 변수를 선언하지 않으면 'StringConverter' 왼쪽은 무시됩니다.
c:\users\asus\documents\github\minnetiocp\minnetiocp\minnetcache.h(33): warning C4091: 'static ': 변수를 선언하지 않으면 'MinNetCache' 왼쪽은 무시됩니다.
c:\users\asus\documents\github\minnetiocp\minnetiocp\time.h(20): warning C4091: 'static ': 변수를 선언하지 않으면 'Time' 왼쪽은 무시됩니다.
c:\users\asus\documents\github\minnetiocp\minnetiocp\minnetpool.h(27): warning C4091: 'static ': 변수를 선언하지 않으면 'MinNetPool' 왼쪽은 무시됩니다.
  BattleFieldManager.cpp
c:\users\asus\documents\github\minnetiocp\minnetiocp\time.h(20): warning C4091: 'static ': 변수를 선언하지 않으면 'Time' 왼쪽은 무시됩니다.
c:\users\asus\documents\github\minnetiocp\minnetiocp\minnetpool.h(27): warning C4091: 'static ': 변수를 선언하지 않으면 'MinNetPool' 왼쪽은 무시됩니다.
c:\users\asus\documents\github\minnetiocp\minnetiocp\minnet.h(52): warning C4091: 'static ': 변수를 선언하지 않으면 'BitConverter' 왼쪽은 무시됩니다.
c:\users\asus\documents\github\minnetiocp\minnetiocp\minnet.h(64): warning C4091: 'static ': 변수를 선언하지 않으면 'StringConverter' 왼쪽은 무시됩니다.
c:\users\asus\documents\github\minnetiocp\minnetiocp\battlefieldmanager.cpp(238): warning C4305: '인수': 'double'에서 'float'(으)로 잘립니다.
c:\users\asus\documents\github\minnetiocp\minnetiocp\battlefieldmanager.cpp(239): warning C4305: '인수': 'double'에서 'float'(으)로 잘립니다.
c:\users\asus\documents\github\minnetiocp\minnetiocp\battlefieldmanager.cpp(249): warning C4018: '>=': signed 또는 unsigned가 일치하지 않습니다.
  코드를 생성하고 있습니다...
  MinNetIOCP.vcxproj -> C:\Users\ASUS\Documents\GitHub\MinNetIOCP\MinNetIOCP\Debug\MinNetIOCP.exe
  MinNetIOCP.vcxproj -> C:\Users\ASUS\Documents\GitHub\MinNetIOCP\MinNetIOCP\Debug\MinNetIOCP.pdb (Full PDB)
