c:\users\asus\documents\github\minnetiocp\minnetiocp\debug\vc140.pdb
c:\users\asus\documents\github\minnetiocp\minnetiocp\debug\vc140.idb
c:\users\asus\documents\github\minnetiocp\minnetiocp\debug\battlefieldmanager.obj
c:\users\asus\documents\github\minnetiocp\minnetiocp\debug\firstpersoncontroller.obj
c:\users\asus\documents\github\minnetiocp\minnetiocp\debug\main.obj
c:\users\asus\documents\github\minnetiocp\minnetiocp\debug\minnet.obj
c:\users\asus\documents\github\minnetiocp\minnetiocp\debug\minnetcache.obj
c:\users\asus\documents\github\minnetiocp\minnetiocp\debug\minnetcomponent.obj
c:\users\asus\documents\github\minnetiocp\minnetiocp\debug\minnetgameobject.obj
c:\users\asus\documents\github\minnetiocp\minnetiocp\debug\minnetiocp.obj
c:\users\asus\documents\github\minnetiocp\minnetiocp\debug\minnetoptimizer.obj
c:\users\asus\documents\github\minnetiocp\minnetiocp\debug\minnetoverlapped.obj
c:\users\asus\documents\github\minnetiocp\minnetiocp\debug\minnetpool.obj
c:\users\asus\documents\github\minnetiocp\minnetiocp\debug\minnetroom.obj
c:\users\asus\documents\github\minnetiocp\minnetiocp\debug\playermove.obj
c:\users\asus\documents\github\minnetiocp\minnetiocp\debug\minnetiocp.ilk
c:\users\asus\documents\github\minnetiocp\minnetiocp\debug\minnetiocp.exe
c:\users\asus\documents\github\minnetiocp\minnetiocp\debug\minnetiocp.pdb
c:\users\asus\documents\github\minnetiocp\minnetiocp\debug\minnetiocp.tlog\cl.command.1.tlog
c:\users\asus\documents\github\minnetiocp\minnetiocp\debug\minnetiocp.tlog\cl.read.1.tlog
c:\users\asus\documents\github\minnetiocp\minnetiocp\debug\minnetiocp.tlog\cl.write.1.tlog
c:\users\asus\documents\github\minnetiocp\minnetiocp\debug\minnetiocp.tlog\link.command.1.tlog
c:\users\asus\documents\github\minnetiocp\minnetiocp\debug\minnetiocp.tlog\link.read.1.tlog
c:\users\asus\documents\github\minnetiocp\minnetiocp\debug\minnetiocp.tlog\link.write.1.tlog
